This file contains any messages produced by compilers while
running configure, to aid debugging if configure makes a mistake.

It was created by perftest configure 6.24, which was
generated by GNU Autoconf 2.71.  Invocation command line was

  $ ./configure CUDA_H_PATH=/usr/local/cuda-12.4/include/cuda.h

## --------- ##
## Platform. ##
## --------- ##

hostname = node0.gpudirect.mnavigator-pg0.wisc.cloudlab.us
uname -m = x86_64
uname -r = 5.15.0-131-generic
uname -s = Linux
uname -v = #141-Ubuntu SMP Fri Jan 10 21:18:28 UTC 2025

/usr/bin/uname -p = x86_64
/bin/uname -X     = unknown

/bin/arch              = x86_64
/usr/bin/arch -k       = unknown
/usr/convex/getsysinfo = unknown
/usr/bin/hostinfo      = unknown
/bin/machine           = unknown
/usr/bin/oslevel       = unknown
/bin/universe          = unknown

PATH: /usr/local/cuda-12.4/bin/
PATH: /users/co232/.local/bin/
PATH: /users/co232/.cargo/bin/
PATH: /usr/local/cuda-12.4/bin/
PATH: /usr/local/sbin/
PATH: /usr/local/bin/
PATH: /usr/sbin/
PATH: /usr/bin/
PATH: /sbin/
PATH: /bin/
PATH: /usr/games/
PATH: /usr/local/games/
PATH: /snap/bin/


## ----------- ##
## Core tests. ##
## ----------- ##

configure:2830: looking for aux files: config.guess config.sub ltmain.sh compile missing install-sh
configure:2843:  trying ./config/
configure:2872:   ./config/config.guess found
configure:2872:   ./config/config.sub found
configure:2872:   ./config/ltmain.sh found
configure:2872:   ./config/compile found
configure:2872:   ./config/missing found
configure:2854:   ./config/install-sh found
configure:3005: checking for a BSD-compatible install
configure:3078: result: /usr/bin/install -c
configure:3089: checking whether build environment is sane
configure:3144: result: yes
configure:3303: checking for a race-free mkdir -p
configure:3347: result: /usr/bin/mkdir -p
configure:3354: checking for gawk
configure:3375: found /usr/bin/gawk
configure:3386: result: gawk
configure:3397: checking whether make sets $(MAKE)
configure:3420: result: yes
configure:3450: checking whether make supports nested variables
configure:3468: result: yes
configure:3616: checking whether make supports nested variables
configure:3634: result: yes
configure:3730: checking for gcc
configure:3751: found /usr/bin/gcc
configure:3762: result: gcc
configure:4115: checking for C compiler version
configure:4124: gcc --version >&5
gcc (Ubuntu 11.4.0-1ubuntu1~22.04) 11.4.0
Copyright (C) 2021 Free Software Foundation, Inc.
This is free software; see the source for copying conditions.  There is NO
warranty; not even for MERCHANTABILITY or FITNESS FOR A PARTICULAR PURPOSE.

configure:4135: $? = 0
configure:4124: gcc -v >&5
Using built-in specs.
COLLECT_GCC=gcc
COLLECT_LTO_WRAPPER=/usr/lib/gcc/x86_64-linux-gnu/11/lto-wrapper
OFFLOAD_TARGET_NAMES=nvptx-none:amdgcn-amdhsa
OFFLOAD_TARGET_DEFAULT=1
Target: x86_64-linux-gnu
Configured with: ../src/configure -v --with-pkgversion='Ubuntu 11.4.0-1ubuntu1~22.04' --with-bugurl=file:///usr/share/doc/gcc-11/README.Bugs --enable-languages=c,ada,c++,go,brig,d,fortran,objc,obj-c++,m2 --prefix=/usr --with-gcc-major-version-only --program-suffix=-11 --program-prefix=x86_64-linux-gnu- --enable-shared --enable-linker-build-id --libexecdir=/usr/lib --without-included-gettext --enable-threads=posix --libdir=/usr/lib --enable-nls --enable-bootstrap --enable-clocale=gnu --enable-libstdcxx-debug --enable-libstdcxx-time=yes --with-default-libstdcxx-abi=new --enable-gnu-unique-object --disable-vtable-verify --enable-plugin --enable-default-pie --with-system-zlib --enable-libphobos-checking=release --with-target-system-zlib=auto --enable-objc-gc=auto --enable-multiarch --disable-werror --enable-cet --with-arch-32=i686 --with-abi=m64 --with-multilib-list=m32,m64,mx32 --enable-multilib --with-tune=generic --enable-offload-targets=nvptx-none=/build/gcc-11-XeT9lY/gcc-11-11.4.0/debian/tmp-nvptx/usr,amdgcn-amdhsa=/build/gcc-11-XeT9lY/gcc-11-11.4.0/debian/tmp-gcn/usr --without-cuda-driver --enable-checking=release --build=x86_64-linux-gnu --host=x86_64-linux-gnu --target=x86_64-linux-gnu --with-build-config=bootstrap-lto-lean --enable-link-serialization=2
Thread model: posix
Supported LTO compression algorithms: zlib zstd
gcc version 11.4.0 (Ubuntu 11.4.0-1ubuntu1~22.04) 
... rest of stderr output deleted ...
configure:4135: $? = 0
configure:4124: gcc -V >&5
gcc: error: unrecognized command-line option '-V'
gcc: fatal error: no input files
compilation terminated.
configure:4135: $? = 1
configure:4124: gcc -qversion >&5
gcc: error: unrecognized command-line option '-qversion'; did you mean '--version'?
gcc: fatal error: no input files
compilation terminated.
configure:4135: $? = 1
configure:4124: gcc -version >&5
gcc: error: unrecognized command-line option '-version'
gcc: fatal error: no input files
compilation terminated.
configure:4135: $? = 1
configure:4155: checking whether the C compiler works
configure:4177: gcc    conftest.c  >&5
configure:4181: $? = 0
configure:4231: result: yes
configure:4234: checking for C compiler default output file name
configure:4236: result: a.out
configure:4242: checking for suffix of executables
configure:4249: gcc -o conftest    conftest.c  >&5
configure:4253: $? = 0
configure:4276: result: 
configure:4298: checking whether we are cross compiling
configure:4306: gcc -o conftest    conftest.c  >&5
configure:4310: $? = 0
configure:4317: ./conftest
configure:4321: $? = 0
configure:4336: result: no
configure:4341: checking for suffix of object files
configure:4364: gcc -c   conftest.c >&5
configure:4368: $? = 0
configure:4390: result: o
configure:4394: checking whether the compiler supports GNU C
configure:4414: gcc -c   conftest.c >&5
configure:4414: $? = 0
configure:4424: result: yes
configure:4435: checking whether gcc accepts -g
configure:4456: gcc -c -g  conftest.c >&5
configure:4456: $? = 0
configure:4500: result: yes
configure:4520: checking for gcc option to enable C11 features
configure:4535: gcc  -c -g -O2  conftest.c >&5
configure:4535: $? = 0
configure:4553: result: none needed
configure:4669: checking whether gcc understands -c and -o together
configure:4692: gcc -c conftest.c -o conftest2.o
configure:4695: $? = 0
configure:4692: gcc -c conftest.c -o conftest2.o
configure:4695: $? = 0
configure:4707: result: yes
configure:4727: checking whether make supports the include directive
configure:4742: make -f confmf.GNU && cat confinc.out
this is the am__doit target
configure:4745: $? = 0
configure:4764: result: yes (GNU style)
configure:4790: checking dependency style of gcc
configure:4902: result: gcc3
configure:4986: checking for g++
configure:5007: found /usr/bin/g++
configure:5018: result: g++
configure:5045: checking for C++ compiler version
configure:5054: g++ --version >&5
g++ (Ubuntu 11.4.0-1ubuntu1~22.04) 11.4.0
Copyright (C) 2021 Free Software Foundation, Inc.
This is free software; see the source for copying conditions.  There is NO
warranty; not even for MERCHANTABILITY or FITNESS FOR A PARTICULAR PURPOSE.

configure:5065: $? = 0
configure:5054: g++ -v >&5
Using built-in specs.
COLLECT_GCC=g++
COLLECT_LTO_WRAPPER=/usr/lib/gcc/x86_64-linux-gnu/11/lto-wrapper
OFFLOAD_TARGET_NAMES=nvptx-none:amdgcn-amdhsa
OFFLOAD_TARGET_DEFAULT=1
Target: x86_64-linux-gnu
Configured with: ../src/configure -v --with-pkgversion='Ubuntu 11.4.0-1ubuntu1~22.04' --with-bugurl=file:///usr/share/doc/gcc-11/README.Bugs --enable-languages=c,ada,c++,go,brig,d,fortran,objc,obj-c++,m2 --prefix=/usr --with-gcc-major-version-only --program-suffix=-11 --program-prefix=x86_64-linux-gnu- --enable-shared --enable-linker-build-id --libexecdir=/usr/lib --without-included-gettext --enable-threads=posix --libdir=/usr/lib --enable-nls --enable-bootstrap --enable-clocale=gnu --enable-libstdcxx-debug --enable-libstdcxx-time=yes --with-default-libstdcxx-abi=new --enable-gnu-unique-object --disable-vtable-verify --enable-plugin --enable-default-pie --with-system-zlib --enable-libphobos-checking=release --with-target-system-zlib=auto --enable-objc-gc=auto --enable-multiarch --disable-werror --enable-cet --with-arch-32=i686 --with-abi=m64 --with-multilib-list=m32,m64,mx32 --enable-multilib --with-tune=generic --enable-offload-targets=nvptx-none=/build/gcc-11-XeT9lY/gcc-11-11.4.0/debian/tmp-nvptx/usr,amdgcn-amdhsa=/build/gcc-11-XeT9lY/gcc-11-11.4.0/debian/tmp-gcn/usr --without-cuda-driver --enable-checking=release --build=x86_64-linux-gnu --host=x86_64-linux-gnu --target=x86_64-linux-gnu --with-build-config=bootstrap-lto-lean --enable-link-serialization=2
Thread model: posix
Supported LTO compression algorithms: zlib zstd
gcc version 11.4.0 (Ubuntu 11.4.0-1ubuntu1~22.04) 
... rest of stderr output deleted ...
configure:5065: $? = 0
configure:5054: g++ -V >&5
g++: error: unrecognized command-line option '-V'
g++: fatal error: no input files
compilation terminated.
configure:5065: $? = 1
configure:5054: g++ -qversion >&5
g++: error: unrecognized command-line option '-qversion'; did you mean '--version'?
g++: fatal error: no input files
compilation terminated.
configure:5065: $? = 1
configure:5069: checking whether the compiler supports GNU C++
configure:5089: g++ -c   conftest.cpp >&5
configure:5089: $? = 0
configure:5099: result: yes
configure:5110: checking whether g++ accepts -g
configure:5131: g++ -c -g  conftest.cpp >&5
configure:5131: $? = 0
configure:5175: result: yes
configure:5195: checking for g++ option to enable C++11 features
configure:5210: g++  -c -g -O2  conftest.cpp >&5
conftest.cpp: In function 'int main(int, char**)':
conftest.cpp:177:25: warning: empty parentheses were disambiguated as a function declaration [-Wvexing-parse]
  177 |   cxx11test::delegate d2();
      |                         ^~
conftest.cpp:177:25: note: remove parentheses to default-initialize a variable
  177 |   cxx11test::delegate d2();
      |                         ^~
      |                         --
conftest.cpp:177:25: note: or replace parentheses with braces to value-initialize a variable
configure:5210: $? = 0
configure:5228: result: none needed
configure:5294: checking dependency style of g++
configure:5406: result: gcc3
configure:5430: checking dependency style of gcc
configure:5540: result: gcc3
configure:5588: checking build system type
configure:5603: result: x86_64-pc-linux-gnu
configure:5623: checking host system type
configure:5637: result: x86_64-pc-linux-gnu
configure:5678: checking how to print strings
configure:5705: result: printf
configure:5726: checking for a sed that does not truncate output
configure:5796: result: /usr/bin/sed
configure:5814: checking for grep that handles long lines and -e
configure:5878: result: /usr/bin/grep
configure:5883: checking for egrep
configure:5951: result: /usr/bin/grep -E
configure:5956: checking for fgrep
configure:6024: result: /usr/bin/grep -F
configure:6060: checking for ld used by gcc
configure:6128: result: /usr/bin/ld
configure:6135: checking if the linker (/usr/bin/ld) is GNU ld
configure:6151: result: yes
configure:6163: checking for BSD- or MS-compatible name lister (nm)
configure:6218: result: /usr/bin/nm -B
configure:6358: checking the name lister (/usr/bin/nm -B) interface
configure:6366: gcc -c -g -O2  conftest.c >&5
configure:6369: /usr/bin/nm -B "conftest.o"
configure:6372: output
0000000000000000 B some_variable
configure:6379: result: BSD nm
configure:6382: checking whether ln -s works
configure:6386: result: yes
configure:6394: checking the maximum length of command line arguments
configure:6526: result: 1572864
configure:6574: checking how to convert x86_64-pc-linux-gnu file names to x86_64-pc-linux-gnu format
configure:6615: result: func_convert_file_noop
configure:6622: checking how to convert x86_64-pc-linux-gnu file names to toolchain format
configure:6643: result: func_convert_file_noop
configure:6650: checking for /usr/bin/ld option to reload object files
configure:6658: result: -r
configure:6737: checking for objdump
configure:6758: found /usr/bin/objdump
configure:6769: result: objdump
configure:6801: checking how to recognize dependent libraries
configure:7002: result: pass_all
configure:7092: checking for dlltool
configure:7127: result: no
configure:7157: checking how to associate runtime and link libraries
configure:7185: result: printf %s\n
configure:7251: checking for ar
configure:7272: found /usr/bin/ar
configure:7283: result: ar
configure:7320: checking for archiver @FILE support
configure:7338: gcc -c -g -O2  conftest.c >&5
configure:7338: $? = 0
configure:7342: ar cr libconftest.a @conftest.lst >&5
configure:7345: $? = 0
configure:7350: ar cr libconftest.a @conftest.lst >&5
ar: conftest.o: No such file or directory
configure:7353: $? = 1
configure:7365: result: @
configure:7428: checking for strip
configure:7449: found /usr/bin/strip
configure:7460: result: strip
configure:7537: checking for ranlib
configure:7558: found /usr/bin/ranlib
configure:7569: result: ranlib
configure:7671: checking command to parse /usr/bin/nm -B output from gcc object
configure:7825: gcc -c -g -O2  conftest.c >&5
configure:7828: $? = 0
configure:7832: /usr/bin/nm -B conftest.o | sed -n -e 's/^.*[	 ]\([ABCDGIRSTW][ABCDGIRSTW]*\)[	 ][	 ]*\([_A-Za-z][_A-Za-z0-9]*\)$/\1 \2 \2/p' | sed '/ __gnu_lto/d' > conftest.nm
configure:7898: gcc -o conftest -g -O2   conftest.c conftstm.o >&5
configure:7901: $? = 0
configure:7939: result: ok
configure:7986: checking for sysroot
configure:8017: result: no
configure:8024: checking for a working dd
configure:8068: result: /usr/bin/dd
configure:8072: checking how to truncate binary pipes
configure:8088: result: /usr/bin/dd bs=4096 count=1
configure:8225: gcc -c -g -O2  conftest.c >&5
configure:8228: $? = 0
configure:8425: checking for mt
configure:8446: found /usr/bin/mt
configure:8457: result: mt
configure:8480: checking if mt is a manifest tool
configure:8487: mt '-?'
configure:8495: result: no
configure:9225: checking for stdio.h
configure:9225: gcc -c -g -O2  conftest.c >&5
configure:9225: $? = 0
configure:9225: result: yes
configure:9225: checking for stdlib.h
configure:9225: gcc -c -g -O2  conftest.c >&5
configure:9225: $? = 0
configure:9225: result: yes
configure:9225: checking for string.h
configure:9225: gcc -c -g -O2  conftest.c >&5
configure:9225: $? = 0
configure:9225: result: yes
configure:9225: checking for inttypes.h
configure:9225: gcc -c -g -O2  conftest.c >&5
configure:9225: $? = 0
configure:9225: result: yes
configure:9225: checking for stdint.h
configure:9225: gcc -c -g -O2  conftest.c >&5
configure:9225: $? = 0
configure:9225: result: yes
configure:9225: checking for strings.h
configure:9225: gcc -c -g -O2  conftest.c >&5
configure:9225: $? = 0
configure:9225: result: yes
configure:9225: checking for sys/stat.h
configure:9225: gcc -c -g -O2  conftest.c >&5
configure:9225: $? = 0
configure:9225: result: yes
configure:9225: checking for sys/types.h
configure:9225: gcc -c -g -O2  conftest.c >&5
configure:9225: $? = 0
configure:9225: result: yes
configure:9225: checking for unistd.h
configure:9225: gcc -c -g -O2  conftest.c >&5
configure:9225: $? = 0
configure:9225: result: yes
configure:9250: checking for dlfcn.h
configure:9250: gcc -c -g -O2  conftest.c >&5
configure:9250: $? = 0
configure:9250: result: yes
configure:9520: checking for objdir
configure:9536: result: .libs
configure:9800: checking if gcc supports -fno-rtti -fno-exceptions
configure:9819: gcc -c -g -O2  -fno-rtti -fno-exceptions conftest.c >&5
cc1: warning: command-line option '-fno-rtti' is valid for C++/D/ObjC++ but not for C
configure:9823: $? = 0
configure:9836: result: no
configure:10200: checking for gcc option to produce PIC
configure:10208: result: -fPIC -DPIC
configure:10216: checking if gcc PIC flag -fPIC -DPIC works
configure:10235: gcc -c -g -O2  -fPIC -DPIC -DPIC conftest.c >&5
configure:10239: $? = 0
configure:10252: result: yes
configure:10281: checking if gcc static flag -static works
configure:10310: result: yes
configure:10325: checking if gcc supports -c -o file.o
configure:10347: gcc -c -g -O2  -o out/conftest2.o conftest.c >&5
configure:10351: $? = 0
configure:10373: result: yes
configure:10381: checking if gcc supports -c -o file.o
configure:10429: result: yes
configure:10462: checking whether the gcc linker (/usr/bin/ld -m elf_x86_64) supports shared libraries
configure:11732: result: yes
configure:11769: checking whether -lc should be explicitly linked in
configure:11778: gcc -c -g -O2  conftest.c >&5
configure:11781: $? = 0
configure:11796: gcc -shared  -fPIC -DPIC conftest.o  -v -Wl,-soname -Wl,conftest -o conftest 2\>\&1 \| /usr/bin/grep  -lc  \>/dev/null 2\>\&1
configure:11799: $? = 0
configure:11813: result: no
configure:11973: checking dynamic linker characteristics
configure:12555: gcc -o conftest -g -O2   -Wl,-rpath -Wl,/foo conftest.c  >&5
configure:12555: $? = 0
configure:12806: result: GNU/Linux ld.so
configure:12928: checking how to hardcode library paths into programs
configure:12953: result: immediate
configure:13505: checking whether stripping libraries is possible
configure:13510: result: yes
configure:13545: checking if libtool supports shared libraries
configure:13547: result: yes
configure:13550: checking whether to build shared libraries
configure:13575: result: yes
configure:13578: checking whether to build static libraries
configure:13582: result: yes
configure:13605: checking how to run the C++ preprocessor
configure:13627: g++ -E  conftest.cpp
configure:13627: $? = 0
configure:13642: g++ -E  conftest.cpp
conftest.cpp:23:10: fatal error: ac_nonexistent.h: No such file or directory
   23 | #include <ac_nonexistent.h>
      |          ^~~~~~~~~~~~~~~~~~
compilation terminated.
configure:13642: $? = 1
configure: failed program was:
| /* confdefs.h */
| #define PACKAGE_NAME "perftest"
| #define PACKAGE_TARNAME "perftest"
| #define PACKAGE_VERSION "6.24"
| #define PACKAGE_STRING "perftest 6.24"
| #define PACKAGE_BUGREPORT "linux-rdma@vger.kernel.org"
| #define PACKAGE_URL ""
| #define PACKAGE "perftest"
| #define VERSION "6.24"
| #define HAVE_STDIO_H 1
| #define HAVE_STDLIB_H 1
| #define HAVE_STRING_H 1
| #define HAVE_INTTYPES_H 1
| #define HAVE_STDINT_H 1
| #define HAVE_STRINGS_H 1
| #define HAVE_SYS_STAT_H 1
| #define HAVE_SYS_TYPES_H 1
| #define HAVE_UNISTD_H 1
| #define STDC_HEADERS 1
| #define HAVE_DLFCN_H 1
| #define LT_OBJDIR ".libs/"
| /* end confdefs.h.  */
| #include <ac_nonexistent.h>
configure:13669: result: g++ -E
configure:13683: g++ -E  conftest.cpp
configure:13683: $? = 0
configure:13698: g++ -E  conftest.cpp
conftest.cpp:23:10: fatal error: ac_nonexistent.h: No such file or directory
   23 | #include <ac_nonexistent.h>
      |          ^~~~~~~~~~~~~~~~~~
compilation terminated.
configure:13698: $? = 1
configure: failed program was:
| /* confdefs.h */
| #define PACKAGE_NAME "perftest"
| #define PACKAGE_TARNAME "perftest"
| #define PACKAGE_VERSION "6.24"
| #define PACKAGE_STRING "perftest 6.24"
| #define PACKAGE_BUGREPORT "linux-rdma@vger.kernel.org"
| #define PACKAGE_URL ""
| #define PACKAGE "perftest"
| #define VERSION "6.24"
| #define HAVE_STDIO_H 1
| #define HAVE_STDLIB_H 1
| #define HAVE_STRING_H 1
| #define HAVE_INTTYPES_H 1
| #define HAVE_STDINT_H 1
| #define HAVE_STRINGS_H 1
| #define HAVE_SYS_STAT_H 1
| #define HAVE_SYS_TYPES_H 1
| #define HAVE_UNISTD_H 1
| #define STDC_HEADERS 1
| #define HAVE_DLFCN_H 1
| #define LT_OBJDIR ".libs/"
| /* end confdefs.h.  */
| #include <ac_nonexistent.h>
configure:13863: checking for ld used by g++
configure:13931: result: /usr/bin/ld -m elf_x86_64
configure:13938: checking if the linker (/usr/bin/ld -m elf_x86_64) is GNU ld
configure:13954: result: yes
configure:14009: checking whether the g++ linker (/usr/bin/ld -m elf_x86_64) supports shared libraries
configure:15086: result: yes
configure:15122: g++ -c -g -O2  conftest.cpp >&5
configure:15125: $? = 0
configure:15606: checking for g++ option to produce PIC
configure:15614: result: -fPIC -DPIC
configure:15622: checking if g++ PIC flag -fPIC -DPIC works
configure:15641: g++ -c -g -O2  -fPIC -DPIC -DPIC conftest.cpp >&5
configure:15645: $? = 0
configure:15658: result: yes
configure:15681: checking if g++ static flag -static works
configure:15710: result: yes
configure:15722: checking if g++ supports -c -o file.o
configure:15744: g++ -c -g -O2  -o out/conftest2.o conftest.cpp >&5
configure:15748: $? = 0
configure:15770: result: yes
configure:15775: checking if g++ supports -c -o file.o
configure:15823: result: yes
configure:15853: checking whether the g++ linker (/usr/bin/ld -m elf_x86_64) supports shared libraries
configure:15896: result: yes
configure:16038: checking dynamic linker characteristics
configure:16798: result: GNU/Linux ld.so
configure:16863: checking how to hardcode library paths into programs
configure:16888: result: immediate
configure:16997: checking for ranlib
configure:17029: result: ranlib
configure:17054: checking for egrep
configure:17122: result: /usr/bin/grep -E
configure:17130: checking for infiniband/verbs.h
configure:17130: gcc -c -g -O2  conftest.c >&5
configure:17130: $? = 0
configure:17130: result: yes
configure:17140: checking for ibv_get_device_list in -libverbs
configure:17163: gcc -o conftest -g -O2   conftest.c -libverbs   >&5
configure:17163: $? = 0
configure:17173: result: yes
configure:17185: checking for rdma_create_event_channel in -lrdmacm
configure:17208: gcc -o conftest -g -O2   conftest.c -lrdmacm  -libverbs  >&5
configure:17208: $? = 0
configure:17218: result: yes
configure:17230: checking for umad_init in -libumad
configure:17253: gcc -o conftest -g -O2   conftest.c -libumad  -lrdmacm -libverbs  >&5
configure:17253: $? = 0
configure:17263: result: yes
configure:17272: checking for log in -lm
configure:17295: gcc -o conftest -g -O2   conftest.c -lm  -lrdmacm -libverbs  >&5
conftest.c:30:6: warning: conflicting types for built-in function 'log'; expected 'double(double)' [-Wbuiltin-declaration-mismatch]
   30 | char log ();
      |      ^~~
conftest.c:1:1: note: 'log' is declared in header '<math.h>'
    1 | /* confdefs.h */
configure:17295: $? = 0
configure:17305: result: yes
configure:17315: checking for ibv_reg_dmabuf_mr in -libverbs
configure:17338: gcc -o conftest -g -O2   conftest.c -libverbs  -lrdmacm -libverbs  >&5
configure:17338: $? = 0
configure:17348: result: yes
configure:17374: gcc -o conftest -g -O2   conftest.c -lrdmacm -libverbs  >&5
configure:17374: $? = 0
configure:17432: gcc -o conftest -g -O2   conftest.c -lrdmacm -libverbs  >&5
configure:17432: $? = 0
configure:17471: gcc -o conftest -g -O2   conftest.c -lrdmacm -libverbs  >&5
configure:17471: $? = 0
configure:17507: gcc -o conftest -g -O2   conftest.c -lrdmacm -libverbs  >&5
conftest.c: In function 'main':
conftest.c:36:11: error: #error nope
   36 |          #error nope
      |           ^~~~~
configure:17507: $? = 1
configure: failed program was:
| /* confdefs.h */
| #define PACKAGE_NAME "perftest"
| #define PACKAGE_TARNAME "perftest"
| #define PACKAGE_VERSION "6.24"
| #define PACKAGE_STRING "perftest 6.24"
| #define PACKAGE_BUGREPORT "linux-rdma@vger.kernel.org"
| #define PACKAGE_URL ""
| #define PACKAGE "perftest"
| #define VERSION "6.24"
| #define HAVE_STDIO_H 1
| #define HAVE_STDLIB_H 1
| #define HAVE_STRING_H 1
| #define HAVE_INTTYPES_H 1
| #define HAVE_STDINT_H 1
| #define HAVE_STRINGS_H 1
| #define HAVE_SYS_STAT_H 1
| #define HAVE_SYS_TYPES_H 1
| #define HAVE_UNISTD_H 1
| #define STDC_HEADERS 1
| #define HAVE_DLFCN_H 1
| #define LT_OBJDIR ".libs/"
| #define HAVE_INFINIBAND_VERBS_H 1
| #define HAVE_LIBIBVERBS 1
| #define HAVE_LIBRDMACM 1
| #define HAVE_REG_DMABUF_MR 1
| #define HAVE_RAW_ETH_REG 1
| #define HAVE_RAW_ETH 1
| #define HAVE_XRCD 1
| #define HAVE_ENDIAN 1
| /* end confdefs.h.  */
| 
| int
| main (void)
| {
| #if !defined(__FreeBSD__)
| 	 #error nope
| 	 #endif
|   ;
|   return 0;
| }
configure:17542: gcc -o conftest -g -O2   conftest.c -lrdmacm -libverbs  >&5
conftest.c: In function 'main':
conftest.c:35:11: error: 'IBV_LINK_LAYER_SCIF' undeclared (first use in this function); did you mean 'IBV_LINK_LAYER_UNSPECIFIED'?
   35 | char *c = IBV_LINK_LAYER_SCIF;
      |           ^~~~~~~~~~~~~~~~~~~
      |           IBV_LINK_LAYER_UNSPECIFIED
conftest.c:35:11: note: each undeclared identifier is reported only once for each function it appears in
configure:17542: $? = 1
configure: failed program was:
| /* confdefs.h */
| #define PACKAGE_NAME "perftest"
| #define PACKAGE_TARNAME "perftest"
| #define PACKAGE_VERSION "6.24"
| #define PACKAGE_STRING "perftest 6.24"
| #define PACKAGE_BUGREPORT "linux-rdma@vger.kernel.org"
| #define PACKAGE_URL ""
| #define PACKAGE "perftest"
| #define VERSION "6.24"
| #define HAVE_STDIO_H 1
| #define HAVE_STDLIB_H 1
| #define HAVE_STRING_H 1
| #define HAVE_INTTYPES_H 1
| #define HAVE_STDINT_H 1
| #define HAVE_STRINGS_H 1
| #define HAVE_SYS_STAT_H 1
| #define HAVE_SYS_TYPES_H 1
| #define HAVE_UNISTD_H 1
| #define STDC_HEADERS 1
| #define HAVE_DLFCN_H 1
| #define LT_OBJDIR ".libs/"
| #define HAVE_INFINIBAND_VERBS_H 1
| #define HAVE_LIBIBVERBS 1
| #define HAVE_LIBRDMACM 1
| #define HAVE_REG_DMABUF_MR 1
| #define HAVE_RAW_ETH_REG 1
| #define HAVE_RAW_ETH 1
| #define HAVE_XRCD 1
| #define HAVE_ENDIAN 1
| /* end confdefs.h.  */
| #include <infiniband/verbs.h>
| int
| main (void)
| {
| char *c = IBV_LINK_LAYER_SCIF;
|   ;
|   return 0;
| }
configure:17577: gcc -o conftest -g -O2   conftest.c -lrdmacm -libverbs  >&5
configure:17577: $? = 0
configure:17620: gcc -o conftest -g -O2   conftest.c -lrdmacm -libverbs  >&5
configure:17620: $? = 0
configure:17649: gcc -o conftest -g -O2   conftest.c -lrdmacm -libverbs  >&5
configure:17649: $? = 0
configure:17683: gcc -o conftest -g -O2   conftest.c -lrdmacm -libverbs  >&5
configure:17683: $? = 0
configure:17717: gcc -o conftest -g -O2   conftest.c -lrdmacm -libverbs  >&5
conftest.c: In function 'main':
conftest.c:40:9: error: 'MLX5DV_CONTEXT_MASK_OOO_RECV_WRS' undeclared (first use in this function); did you mean 'MLX5DV_CONTEXT_MASK_REG_C0'?
   40 | int x = MLX5DV_CONTEXT_MASK_OOO_RECV_WRS;
      |         ^~~~~~~~~~~~~~~~~~~~~~~~~~~~~~~~
      |         MLX5DV_CONTEXT_MASK_REG_C0
conftest.c:40:9: note: each undeclared identifier is reported only once for each function it appears in
configure:17717: $? = 1
configure: failed program was:
| /* confdefs.h */
| #define PACKAGE_NAME "perftest"
| #define PACKAGE_TARNAME "perftest"
| #define PACKAGE_VERSION "6.24"
| #define PACKAGE_STRING "perftest 6.24"
| #define PACKAGE_BUGREPORT "linux-rdma@vger.kernel.org"
| #define PACKAGE_URL ""
| #define PACKAGE "perftest"
| #define VERSION "6.24"
| #define HAVE_STDIO_H 1
| #define HAVE_STDLIB_H 1
| #define HAVE_STRING_H 1
| #define HAVE_INTTYPES_H 1
| #define HAVE_STDINT_H 1
| #define HAVE_STRINGS_H 1
| #define HAVE_SYS_STAT_H 1
| #define HAVE_SYS_TYPES_H 1
| #define HAVE_UNISTD_H 1
| #define STDC_HEADERS 1
| #define HAVE_DLFCN_H 1
| #define LT_OBJDIR ".libs/"
| #define HAVE_INFINIBAND_VERBS_H 1
| #define HAVE_LIBIBVERBS 1
| #define HAVE_LIBRDMACM 1
| #define HAVE_REG_DMABUF_MR 1
| #define HAVE_RAW_ETH_REG 1
| #define HAVE_RAW_ETH 1
| #define HAVE_XRCD 1
| #define HAVE_ENDIAN 1
| #define HAVE_GID_TYPE 1
| #define HAVE_IBV_WR_API 1
| #define HAVE_MLX5_DEVX 1
| #define HAVE_DCS 1
| /* end confdefs.h.  */
| 
| #include <infiniband/mlx5dv.h>
| int
| main (void)
| {
| int x = MLX5DV_CONTEXT_MASK_OOO_RECV_WRS;
|   ;
|   return 0;
| }
configure:17751: gcc -o conftest -g -O2   conftest.c -lrdmacm -libverbs  >&5
conftest.c: In function 'main':
conftest.c:40:9: error: 'MLX5DV_REG_DMABUF_ACCESS_DATA_DIRECT' undeclared (first use in this function)
   40 | int x = MLX5DV_REG_DMABUF_ACCESS_DATA_DIRECT;
      |         ^~~~~~~~~~~~~~~~~~~~~~~~~~~~~~~~~~~~
conftest.c:40:9: note: each undeclared identifier is reported only once for each function it appears in
configure:17751: $? = 1
configure: failed program was:
| /* confdefs.h */
| #define PACKAGE_NAME "perftest"
| #define PACKAGE_TARNAME "perftest"
| #define PACKAGE_VERSION "6.24"
| #define PACKAGE_STRING "perftest 6.24"
| #define PACKAGE_BUGREPORT "linux-rdma@vger.kernel.org"
| #define PACKAGE_URL ""
| #define PACKAGE "perftest"
| #define VERSION "6.24"
| #define HAVE_STDIO_H 1
| #define HAVE_STDLIB_H 1
| #define HAVE_STRING_H 1
| #define HAVE_INTTYPES_H 1
| #define HAVE_STDINT_H 1
| #define HAVE_STRINGS_H 1
| #define HAVE_SYS_STAT_H 1
| #define HAVE_SYS_TYPES_H 1
| #define HAVE_UNISTD_H 1
| #define STDC_HEADERS 1
| #define HAVE_DLFCN_H 1
| #define LT_OBJDIR ".libs/"
| #define HAVE_INFINIBAND_VERBS_H 1
| #define HAVE_LIBIBVERBS 1
| #define HAVE_LIBRDMACM 1
| #define HAVE_REG_DMABUF_MR 1
| #define HAVE_RAW_ETH_REG 1
| #define HAVE_RAW_ETH 1
| #define HAVE_XRCD 1
| #define HAVE_ENDIAN 1
| #define HAVE_GID_TYPE 1
| #define HAVE_IBV_WR_API 1
| #define HAVE_MLX5_DEVX 1
| #define HAVE_DCS 1
| /* end confdefs.h.  */
| 
| #include <infiniband/mlx5dv.h>
| int
| main (void)
| {
| int x = MLX5DV_REG_DMABUF_ACCESS_DATA_DIRECT;
|   ;
|   return 0;
| }
configure:17785: gcc -o conftest -g -O2   conftest.c -lrdmacm -libverbs  >&5
configure:17785: $? = 0
configure:17818: gcc -o conftest -g -O2   conftest.c -lrdmacm -libverbs  >&5
configure:17818: $? = 0
configure:17852: gcc -o conftest -g -O2   conftest.c -lrdmacm -libverbs  >&5
configure:17852: $? = 0
configure:17886: gcc -o conftest -g -O2   conftest.c -lrdmacm -libverbs  >&5
configure:17886: $? = 0
configure:17920: gcc -o conftest -g -O2   conftest.c -lrdmacm -libverbs  >&5
configure:17920: $? = 0
configure:17945: checking for pci/pci.h
configure:17945: gcc -c -g -O2  conftest.c >&5
configure:17945: $? = 0
configure:17945: result: yes
configure:17955: checking for pci_init in -lpci
configure:17978: gcc -o conftest -g -O2   conftest.c -lpci  -lrdmacm -libverbs  >&5
configure:17978: $? = 0
configure:17988: result: yes
configure:18012: gcc -o conftest -g -O2   conftest.c -lrdmacm -libverbs  >&5
configure:18012: $? = 0
configure:18046: gcc -o conftest -g -O2   conftest.c -lrdmacm -libverbs  -lpci >&5
configure:18046: $? = 0
configure:18309: gcc -o conftest -g -O2   conftest.c -lrdmacm -libverbs  -lpci >&5
configure:18309: $? = 0
configure:18339: checking for cuMemGetHandleForAddressRange in -lcuda
configure:18362: gcc -o conftest -g -O2   conftest.c -lcuda  -lrdmacm -libverbs  -lpci -lcuda >&5
configure:18362: $? = 0
configure:18372: result: yes
configure:18393: gcc -o conftest -g -O2   conftest.c -lrdmacm -libverbs  -lpci -lcuda >&5
configure:18393: $? = 0
configure:18419: gcc -o conftest -g -O2   conftest.c -lrdmacm -libverbs  -lpci -lcuda >&5
conftest.c: In function 'main':
conftest.c:52:9: error: 'CU_MEM_RANGE_FLAG_DMA_BUF_MAPPING_TYPE_PCIE' undeclared (first use in this function)
   52 | int x = CU_MEM_RANGE_FLAG_DMA_BUF_MAPPING_TYPE_PCIE;
      |         ^~~~~~~~~~~~~~~~~~~~~~~~~~~~~~~~~~~~~~~~~~~
conftest.c:52:9: note: each undeclared identifier is reported only once for each function it appears in
configure:18419: $? = 1
configure: failed program was:
| /* confdefs.h */
| #define PACKAGE_NAME "perftest"
| #define PACKAGE_TARNAME "perftest"
| #define PACKAGE_VERSION "6.24"
| #define PACKAGE_STRING "perftest 6.24"
| #define PACKAGE_BUGREPORT "linux-rdma@vger.kernel.org"
| #define PACKAGE_URL ""
| #define PACKAGE "perftest"
| #define VERSION "6.24"
| #define HAVE_STDIO_H 1
| #define HAVE_STDLIB_H 1
| #define HAVE_STRING_H 1
| #define HAVE_INTTYPES_H 1
| #define HAVE_STDINT_H 1
| #define HAVE_STRINGS_H 1
| #define HAVE_SYS_STAT_H 1
| #define HAVE_SYS_TYPES_H 1
| #define HAVE_UNISTD_H 1
| #define STDC_HEADERS 1
| #define HAVE_DLFCN_H 1
| #define LT_OBJDIR ".libs/"
| #define HAVE_INFINIBAND_VERBS_H 1
| #define HAVE_LIBIBVERBS 1
| #define HAVE_LIBRDMACM 1
| #define HAVE_REG_DMABUF_MR 1
| #define HAVE_RAW_ETH_REG 1
| #define HAVE_RAW_ETH 1
| #define HAVE_XRCD 1
| #define HAVE_ENDIAN 1
| #define HAVE_GID_TYPE 1
| #define HAVE_IBV_WR_API 1
| #define HAVE_MLX5_DEVX 1
| #define HAVE_DCS 1
| #define HAVE_AES_XTS 1
| #define HAVE_GID_TYPE_DECLARED 1
| #define HAVE_IPV6 1
| #define HAVE_IPV4_EXT 1
| #define HAVE_SNIFFER 1
| #define HAVE_PCI_PCI_H 1
| #define HAVE_RO 1
| #define HAVE_EX 1
| #define HAVE_EX_ODP 1
| #define HAVE_CUDA 1
| #define CUDA_PATH "/usr/local/cuda-12.4/include/cuda.h" 
| #define HAVE_CUDA_DMABUF 1
| /* end confdefs.h.  */
| 
| 	#include </usr/local/cuda-12.4/include/cuda.h>
| int
| main (void)
| {
| int x = CU_MEM_RANGE_FLAG_DMA_BUF_MAPPING_TYPE_PCIE;
|   ;
|   return 0;
| }
configure:18944: gcc -o conftest -g -O2   conftest.c -lrdmacm -libverbs  -lpci -lcuda >&5
configure:18944: $? = 0
configure:18977: gcc -o conftest -g -O2   conftest.c -lrdmacm -libverbs  -lpci -lcuda >&5
conftest.c: In function 'main':
conftest.c:52:9: error: 'IBV_OOO_RW_DATA_PLACEMENT' undeclared (first use in this function)
   52 | int x = IBV_OOO_RW_DATA_PLACEMENT;
      |         ^~~~~~~~~~~~~~~~~~~~~~~~~
conftest.c:52:9: note: each undeclared identifier is reported only once for each function it appears in
configure:18977: $? = 1
configure: failed program was:
| /* confdefs.h */
| #define PACKAGE_NAME "perftest"
| #define PACKAGE_TARNAME "perftest"
| #define PACKAGE_VERSION "6.24"
| #define PACKAGE_STRING "perftest 6.24"
| #define PACKAGE_BUGREPORT "linux-rdma@vger.kernel.org"
| #define PACKAGE_URL ""
| #define PACKAGE "perftest"
| #define VERSION "6.24"
| #define HAVE_STDIO_H 1
| #define HAVE_STDLIB_H 1
| #define HAVE_STRING_H 1
| #define HAVE_INTTYPES_H 1
| #define HAVE_STDINT_H 1
| #define HAVE_STRINGS_H 1
| #define HAVE_SYS_STAT_H 1
| #define HAVE_SYS_TYPES_H 1
| #define HAVE_UNISTD_H 1
| #define STDC_HEADERS 1
| #define HAVE_DLFCN_H 1
| #define LT_OBJDIR ".libs/"
| #define HAVE_INFINIBAND_VERBS_H 1
| #define HAVE_LIBIBVERBS 1
| #define HAVE_LIBRDMACM 1
| #define HAVE_REG_DMABUF_MR 1
| #define HAVE_RAW_ETH_REG 1
| #define HAVE_RAW_ETH 1
| #define HAVE_XRCD 1
| #define HAVE_ENDIAN 1
| #define HAVE_GID_TYPE 1
| #define HAVE_IBV_WR_API 1
| #define HAVE_MLX5_DEVX 1
| #define HAVE_DCS 1
| #define HAVE_AES_XTS 1
| #define HAVE_GID_TYPE_DECLARED 1
| #define HAVE_IPV6 1
| #define HAVE_IPV4_EXT 1
| #define HAVE_SNIFFER 1
| #define HAVE_PCI_PCI_H 1
| #define HAVE_RO 1
| #define HAVE_EX 1
| #define HAVE_EX_ODP 1
| #define HAVE_CUDA 1
| #define CUDA_PATH "/usr/local/cuda-12.4/include/cuda.h" 
| #define HAVE_CUDA_DMABUF 1
| #define HAVE_PACKET_PACING 1
| /* end confdefs.h.  */
| #include <infiniband/verbs.h>
| int
| main (void)
| {
| int x = IBV_OOO_RW_DATA_PLACEMENT;
|   ;
|   return 0;
| }
configure:19000: checking for efadv_create_qp_ex in -lefa
configure:19023: gcc -o conftest -g -O2   conftest.c -lefa  -lrdmacm -libverbs  -lpci -lcuda >&5
configure:19023: $? = 0
configure:19033: result: yes
configure:19053: gcc -o conftest -g -O2   conftest.c -lrdmacm -libverbs  -lpci -lcuda >&5
configure:19053: $? = 0
configure:19077: gcc -o conftest -g -O2   conftest.c -lrdmacm -libverbs  -lpci -lcuda >&5
configure:19077: $? = 0
configure:19101: gcc -o conftest -g -O2   conftest.c -lrdmacm -libverbs  -lpci -lcuda >&5
configure:19101: $? = 0
configure:19174: checking for mlx5dv_create_qp in -lmlx5
configure:19197: gcc -o conftest -g -O2   conftest.c -lmlx5  -lrdmacm -libverbs  -lpci -lcuda >&5
configure:19197: $? = 0
configure:19207: result: yes
configure:19231: checking for hnsdv_query_device in -lhns
configure:19254: gcc -o conftest -g -O2   conftest.c -lhns  -lrdmacm -libverbs  -lpci -lcuda >&5
/usr/bin/ld: cannot find -lhns: No such file or directory
collect2: error: ld returned 1 exit status
configure:19254: $? = 1
configure: failed program was:
| /* confdefs.h */
| #define PACKAGE_NAME "perftest"
| #define PACKAGE_TARNAME "perftest"
| #define PACKAGE_VERSION "6.24"
| #define PACKAGE_STRING "perftest 6.24"
| #define PACKAGE_BUGREPORT "linux-rdma@vger.kernel.org"
| #define PACKAGE_URL ""
| #define PACKAGE "perftest"
| #define VERSION "6.24"
| #define HAVE_STDIO_H 1
| #define HAVE_STDLIB_H 1
| #define HAVE_STRING_H 1
| #define HAVE_INTTYPES_H 1
| #define HAVE_STDINT_H 1
| #define HAVE_STRINGS_H 1
| #define HAVE_SYS_STAT_H 1
| #define HAVE_SYS_TYPES_H 1
| #define HAVE_UNISTD_H 1
| #define STDC_HEADERS 1
| #define HAVE_DLFCN_H 1
| #define LT_OBJDIR ".libs/"
| #define HAVE_INFINIBAND_VERBS_H 1
| #define HAVE_LIBIBVERBS 1
| #define HAVE_LIBRDMACM 1
| #define HAVE_REG_DMABUF_MR 1
| #define HAVE_RAW_ETH_REG 1
| #define HAVE_RAW_ETH 1
| #define HAVE_XRCD 1
| #define HAVE_ENDIAN 1
| #define HAVE_GID_TYPE 1
| #define HAVE_IBV_WR_API 1
| #define HAVE_MLX5_DEVX 1
| #define HAVE_DCS 1
| #define HAVE_AES_XTS 1
| #define HAVE_GID_TYPE_DECLARED 1
| #define HAVE_IPV6 1
| #define HAVE_IPV4_EXT 1
| #define HAVE_SNIFFER 1
| #define HAVE_PCI_PCI_H 1
| #define HAVE_RO 1
| #define HAVE_EX 1
| #define HAVE_EX_ODP 1
| #define HAVE_CUDA 1
| #define CUDA_PATH "/usr/local/cuda-12.4/include/cuda.h" 
| #define HAVE_CUDA_DMABUF 1
| #define HAVE_PACKET_PACING 1
| #define HAVE_SRD_WITH_RDMA_READ 1
| #define HAVE_SRD_WITH_RDMA_WRITE 1
| #define HAVE_SRD_WITH_UNSOLICITED_WRITE_RECV 1
| #define HAVE_SRD 1
| #define HAVE_MLX5DV 1
| /* end confdefs.h.  */
| 
| /* Override any GCC internal prototype to avoid an error.
|    Use char because int might match the return type of a GCC
|    builtin and then its argument prototype would still apply.  */
| char hnsdv_query_device ();
| int
| main (void)
| {
| return hnsdv_query_device ();
|   ;
|   return 0;
| }
configure:19264: result: no
configure:19299: gcc -o conftest -g -O2   conftest.c -lrdmacm -libverbs  -lpci -lcuda >&5
configure:19299: $? = 0
configure:19332: gcc -o conftest -g -O2   conftest.c -lrdmacm -libverbs  -lpci -lcuda >&5
configure:19332: $? = 0
configure:19464: checking that generated files are newer than configure
configure:19470: result: done
configure:19641: creating ./config.status

## ---------------------- ##
## Running config.status. ##
## ---------------------- ##

This file was extended by perftest config.status 6.24, which was
generated by GNU Autoconf 2.71.  Invocation command line was

  CONFIG_FILES    = 
  CONFIG_HEADERS  = 
  CONFIG_LINKS    = 
  CONFIG_COMMANDS = 
  $ ./config.status 

on node0.gpudirect.mnavigator-pg0.wisc.cloudlab.us

config.status:1256: creating Makefile
config.status:1256: creating config.h
config.status:1437: config.h is unchanged
config.status:1485: executing depfiles commands
config.status:1562: cd .       && sed -e '/# am--include-marker/d' Makefile         | make -f - am--depfiles
make: Nothing to be done for 'am--depfiles'.
config.status:1567: $? = 0
config.status:1485: executing libtool commands
config.status:1485: executing man commands

## ---------------- ##
## Cache variables. ##
## ---------------- ##

ac_cv_build=x86_64-pc-linux-gnu
ac_cv_c_compiler_gnu=yes
ac_cv_cxx_compiler_gnu=yes
ac_cv_env_CCASFLAGS_set=
ac_cv_env_CCASFLAGS_value=
ac_cv_env_CCAS_set=
ac_cv_env_CCAS_value=
ac_cv_env_CCC_set=
ac_cv_env_CCC_value=
ac_cv_env_CC_set=
ac_cv_env_CC_value=
ac_cv_env_CFLAGS_set=
ac_cv_env_CFLAGS_value=
ac_cv_env_CPPFLAGS_set=
ac_cv_env_CPPFLAGS_value=
ac_cv_env_CUDA_H_PATH_set=set
ac_cv_env_CUDA_H_PATH_value=/usr/local/cuda-12.4/include/cuda.h
ac_cv_env_CXXCPP_set=
ac_cv_env_CXXCPP_value=
ac_cv_env_CXXFLAGS_set=
ac_cv_env_CXXFLAGS_value=
ac_cv_env_CXX_set=
ac_cv_env_CXX_value=
ac_cv_env_LDFLAGS_set=
ac_cv_env_LDFLAGS_value=
ac_cv_env_LIBS_set=
ac_cv_env_LIBS_value=
ac_cv_env_LT_SYS_LIBRARY_PATH_set=
ac_cv_env_LT_SYS_LIBRARY_PATH_value=
ac_cv_env_RANLIB_set=
ac_cv_env_RANLIB_value=
ac_cv_env_build_alias_set=
ac_cv_env_build_alias_value=
ac_cv_env_host_alias_set=
ac_cv_env_host_alias_value=
ac_cv_env_target_alias_set=
ac_cv_env_target_alias_value=
ac_cv_header_dlfcn_h=yes
ac_cv_header_infiniband_verbs_h=yes
ac_cv_header_inttypes_h=yes
ac_cv_header_pci_pci_h=yes
ac_cv_header_stdint_h=yes
ac_cv_header_stdio_h=yes
ac_cv_header_stdlib_h=yes
ac_cv_header_string_h=yes
ac_cv_header_strings_h=yes
ac_cv_header_sys_stat_h=yes
ac_cv_header_sys_types_h=yes
ac_cv_header_unistd_h=yes
ac_cv_host=x86_64-pc-linux-gnu
ac_cv_lib_cuda_cuMemGetHandleForAddressRange=yes
ac_cv_lib_efa_efadv_create_qp_ex=yes
ac_cv_lib_hns_hnsdv_query_device=no
ac_cv_lib_ibumad_umad_init=yes
ac_cv_lib_ibverbs_ibv_get_device_list=yes
ac_cv_lib_ibverbs_ibv_reg_dmabuf_mr=yes
ac_cv_lib_m_log=yes
ac_cv_lib_mlx5_mlx5dv_create_qp=yes
ac_cv_lib_pci_pci_init=yes
ac_cv_lib_rdmacm_rdma_create_event_channel=yes
ac_cv_objext=o
ac_cv_path_EGREP='/usr/bin/grep -E'
ac_cv_path_FGREP='/usr/bin/grep -F'
ac_cv_path_GREP=/usr/bin/grep
ac_cv_path_SED=/usr/bin/sed
ac_cv_path_install='/usr/bin/install -c'
ac_cv_path_lt_DD=/usr/bin/dd
ac_cv_path_mkdir=/usr/bin/mkdir
ac_cv_prog_AWK=gawk
ac_cv_prog_CXXCPP='g++ -E'
ac_cv_prog_ac_ct_AR=ar
ac_cv_prog_ac_ct_CC=gcc
ac_cv_prog_ac_ct_CXX=g++
ac_cv_prog_ac_ct_MANIFEST_TOOL=mt
ac_cv_prog_ac_ct_OBJDUMP=objdump
ac_cv_prog_ac_ct_RANLIB=ranlib
ac_cv_prog_ac_ct_STRIP=strip
ac_cv_prog_cc_c11=
ac_cv_prog_cc_g=yes
ac_cv_prog_cc_stdc=
ac_cv_prog_cxx_11=no
ac_cv_prog_cxx_cxx11=
ac_cv_prog_cxx_g=yes
ac_cv_prog_cxx_stdcxx=
ac_cv_prog_make_make_set=yes
am_cv_CCAS_dependencies_compiler_type=gcc3
am_cv_CC_dependencies_compiler_type=gcc3
am_cv_CXX_dependencies_compiler_type=gcc3
am_cv_make_support_nested_variables=yes
am_cv_prog_cc_c_o=yes
lt_cv_ar_at_file=@
lt_cv_archive_cmds_need_lc=no
lt_cv_deplibs_check_method=pass_all
lt_cv_file_magic_cmd='$MAGIC_CMD'
lt_cv_file_magic_test_file=
lt_cv_ld_reload_flag=-r
lt_cv_nm_interface='BSD nm'
lt_cv_objdir=.libs
lt_cv_path_LD=/usr/bin/ld
lt_cv_path_LDCXX='/usr/bin/ld -m elf_x86_64'
lt_cv_path_NM='/usr/bin/nm -B'
lt_cv_path_mainfest_tool=no
lt_cv_prog_compiler_c_o=yes
lt_cv_prog_compiler_c_o_CXX=yes
lt_cv_prog_compiler_pic='-fPIC -DPIC'
lt_cv_prog_compiler_pic_CXX='-fPIC -DPIC'
lt_cv_prog_compiler_pic_works=yes
lt_cv_prog_compiler_pic_works_CXX=yes
lt_cv_prog_compiler_rtti_exceptions=no
lt_cv_prog_compiler_static_works=yes
lt_cv_prog_compiler_static_works_CXX=yes
lt_cv_prog_gnu_ld=yes
lt_cv_prog_gnu_ldcxx=yes
lt_cv_sharedlib_from_linklib_cmd='printf %s\n'
lt_cv_shlibpath_overrides_runpath=yes
lt_cv_sys_global_symbol_pipe='sed -n -e '\''s/^.*[	 ]\([ABCDGIRSTW][ABCDGIRSTW]*\)[	 ][	 ]*\([_A-Za-z][_A-Za-z0-9]*\)$/\1 \2 \2/p'\'' | sed '\''/ __gnu_lto/d'\'''
lt_cv_sys_global_symbol_to_c_name_address='sed -n -e '\''s/^: \(.*\) .*$/  {"\1", (void *) 0},/p'\'' -e '\''s/^[ABCDGIRSTW][ABCDGIRSTW]* .* \(.*\)$/  {"\1", (void *) \&\1},/p'\'''
lt_cv_sys_global_symbol_to_c_name_address_lib_prefix='sed -n -e '\''s/^: \(.*\) .*$/  {"\1", (void *) 0},/p'\'' -e '\''s/^[ABCDGIRSTW][ABCDGIRSTW]* .* \(lib.*\)$/  {"\1", (void *) \&\1},/p'\'' -e '\''s/^[ABCDGIRSTW][ABCDGIRSTW]* .* \(.*\)$/  {"lib\1", (void *) \&\1},/p'\'''
lt_cv_sys_global_symbol_to_cdecl='sed -n -e '\''s/^T .* \(.*\)$/extern int \1();/p'\'' -e '\''s/^[ABCDGIRSTW][ABCDGIRSTW]* .* \(.*\)$/extern char \1;/p'\'''
lt_cv_sys_global_symbol_to_import=
lt_cv_sys_max_cmd_len=1572864
lt_cv_to_host_file_cmd=func_convert_file_noop
lt_cv_to_tool_file_cmd=func_convert_file_noop
lt_cv_truncate_bin='/usr/bin/dd bs=4096 count=1'

## ----------------- ##
## Output variables. ##
## ----------------- ##

ACLOCAL='${SHELL} '\''/users/co232/perftest/config/missing'\'' aclocal-1.16'
AMDEPBACKSLASH='\'
AMDEP_FALSE='#'
AMDEP_TRUE=''
AMTAR='$${TAR-tar}'
AM_BACKSLASH='\'
AM_DEFAULT_V='$(AM_DEFAULT_VERBOSITY)'
AM_DEFAULT_VERBOSITY='0'
AM_V='$(V)'
AR='ar'
AUTOCONF='${SHELL} '\''/users/co232/perftest/config/missing'\'' autoconf'
AUTOHEADER='${SHELL} '\''/users/co232/perftest/config/missing'\'' autoheader'
AUTOMAKE='${SHELL} '\''/users/co232/perftest/config/missing'\'' automake-1.16'
AWK='gawk'
CC='gcc'
CCAS='gcc'
CCASDEPMODE='depmode=gcc3'
CCASFLAGS='-g -O2'
CCDEPMODE='depmode=gcc3'
CFLAGS='-g -Wall -D_GNU_SOURCE -O3 -g -O2'
CPPFLAGS=''
CSCOPE='cscope'
CTAGS='ctags'
CUDA_DMA_BUF_MAPPING_TYPE_PCIE_SUPPORT_FALSE=''
CUDA_DMA_BUF_MAPPING_TYPE_PCIE_SUPPORT_TRUE='#'
CUDA_DMA_BUF_PARAMETERS_SUPPORT_FALSE='#'
CUDA_DMA_BUF_PARAMETERS_SUPPORT_TRUE=''
CUDA_FALSE='#'
CUDA_H_PATH='/usr/local/cuda-12.4/include/cuda.h'
CUDA_TRUE=''
CXX='g++'
CXXCPP='g++ -E'
CXXDEPMODE='depmode=gcc3'
CXXFLAGS='-g -O2'
CYGPATH_W='echo'
DEFS='-DHAVE_CONFIG_H'
DEPDIR='.deps'
DLLTOOL='false'
DSYMUTIL=''
DUMPBIN=''
ECHO_C=''
ECHO_N='-n'
ECHO_T=''
EGREP='/usr/bin/grep -E'
ETAGS='etags'
EXEEXT=''
FGREP='/usr/bin/grep -F'
GREP='/usr/bin/grep'
HABANALABS_FALSE=''
HABANALABS_TRUE='#'
HAVE_AES_XTS_FALSE='#'
HAVE_AES_XTS_TRUE=''
HAVE_CQ_EX_FALSE='#'
HAVE_CQ_EX_TRUE=''
HAVE_DATA_DIRECT_FALSE=''
HAVE_DATA_DIRECT_TRUE='#'
HAVE_DCS_FALSE='#'
HAVE_DCS_TRUE=''
HAVE_ENDIAN_FALSE='#'
HAVE_ENDIAN_TRUE=''
HAVE_EX_FALSE='#'
HAVE_EX_ODP_FALSE='#'
HAVE_EX_ODP_TRUE=''
HAVE_EX_TRUE=''
HAVE_GID_TYPE_DECLARED_FALSE='#'
HAVE_GID_TYPE_DECLARED_TRUE=''
HAVE_HNSDV_FALSE=''
HAVE_HNSDV_TRUE='#'
HAVE_IBV_WR_API_FALSE='#'
HAVE_IBV_WR_API_TRUE=''
HAVE_IPV4_EXT_FALSE='#'
HAVE_IPV4_EXT_TRUE=''
HAVE_IPV6_FALSE='#'
HAVE_IPV6_TRUE=''
HAVE_MLX5DV_FALSE='#'
HAVE_MLX5DV_LIB_FALSE='#'
HAVE_MLX5DV_LIB_TRUE=''
HAVE_MLX5DV_TRUE=''
HAVE_MLX5_DEVX_FALSE='#'
HAVE_MLX5_DEVX_TRUE=''
HAVE_OOO_ATTR_FALSE=''
HAVE_OOO_ATTR_TRUE='#'
HAVE_OOO_RECV_WRS_FALSE=''
HAVE_OOO_RECV_WRS_TRUE='#'
HAVE_PACKET_PACING_FALSE='#'
HAVE_PACKET_PACING_TRUE=''
HAVE_RAW_ETH_FALSE='#'
HAVE_RAW_ETH_REG_FALSE='#'
HAVE_RAW_ETH_REG_TRUE=''
HAVE_RAW_ETH_TRUE=''
HAVE_RO_FALSE='#'
HAVE_RO_TRUE=''
HAVE_SCIF_FALSE=''
HAVE_SCIF_TRUE='#'
HAVE_SNIFFER_FALSE='#'
HAVE_SNIFFER_TRUE=''
HAVE_SRD_FALSE='#'
HAVE_SRD_TRUE=''
HAVE_TD_API_FALSE='#'
HAVE_TD_API_TRUE=''
HAVE_XRCD_FALSE='#'
HAVE_XRCD_TRUE=''
INSTALL_DATA='${INSTALL} -m 644'
INSTALL_PROGRAM='${INSTALL}'
INSTALL_SCRIPT='${INSTALL}'
INSTALL_STRIP_PROGRAM='$(install_sh) -c -s'
IS_FREEBSD_FALSE=''
IS_FREEBSD_TRUE='#'
LD='/usr/bin/ld -m elf_x86_64'
LDFLAGS=''
LIBEFA='-lefa'
LIBHNS=''
LIBMATH='-lm'
LIBMLX5='-lmlx5'
LIBOBJS=''
LIBS='-lrdmacm -libverbs  -lpci -lcuda -lpthread'
LIBTOOL='$(SHELL) $(top_builddir)/libtool'
LIBUMAD='-libumad'
LIPO=''
LN_S='ln -s'
LTLIBOBJS=''
LT_SYS_LIBRARY_PATH=''
MAJOR_VERSION=''
MAKEINFO='${SHELL} '\''/users/co232/perftest/config/missing'\'' makeinfo'
MANIFEST_TOOL=':'
MINOR_VERSION=''
MKDIR_P='/usr/bin/mkdir -p'
MLU_FALSE=''
MLU_TRUE='#'
NEURON_FALSE=''
NEURON_TRUE='#'
NM='/usr/bin/nm -B'
NMEDIT=''
OBJDUMP='objdump'
OBJEXT='o'
OTOOL64=''
OTOOL=''
PACKAGE='perftest'
PACKAGE_BUGREPORT='linux-rdma@vger.kernel.org'
PACKAGE_NAME='perftest'
PACKAGE_STRING='perftest 6.24'
PACKAGE_TARNAME='perftest'
PACKAGE_URL=''
PACKAGE_VERSION='6.24'
PATH_SEPARATOR=':'
RANLIB='ranlib'
ROCM_FALSE=''
ROCM_TRUE='#'
SED='/usr/bin/sed'
SET_MAKE=''
SHELL='/bin/bash'
STRIP='strip'
VERSION='6.24'
ac_ct_AR='ar'
ac_ct_CC='gcc'
ac_ct_CXX='g++'
ac_ct_DUMPBIN=''
am__EXEEXT_FALSE=''
am__EXEEXT_TRUE='#'
am__fastdepCCAS_FALSE='#'
am__fastdepCCAS_TRUE=''
am__fastdepCC_FALSE='#'
am__fastdepCC_TRUE=''
am__fastdepCXX_FALSE='#'
am__fastdepCXX_TRUE=''
am__include='include'
am__isrc=''
am__leading_dot='.'
am__nodep='_no'
am__quote=''
am__tar='$${TAR-tar} chof - "$$tardir"'
am__untar='$${TAR-tar} xf -'
bindir='${exec_prefix}/bin'
build='x86_64-pc-linux-gnu'
build_alias=''
build_cpu='x86_64'
build_os='linux-gnu'
build_vendor='pc'
datadir='${datarootdir}'
datarootdir='${prefix}/share'
docdir='${datarootdir}/doc/${PACKAGE_TARNAME}'
dvidir='${docdir}'
exec_prefix='${prefix}'
host='x86_64-pc-linux-gnu'
host_alias=''
host_cpu='x86_64'
host_os='linux-gnu'
host_vendor='pc'
htmldir='${docdir}'
includedir='${prefix}/include'
infodir='${datarootdir}/info'
install_sh='${SHELL} /users/co232/perftest/config/install-sh'
libdir='${exec_prefix}/lib'
libexecdir='${exec_prefix}/libexec'
localedir='${datarootdir}/locale'
localstatedir='${prefix}/var'
mandir='${datarootdir}/man'
mkdir_p='$(MKDIR_P)'
oldincludedir='/usr/include'
pdfdir='${docdir}'
prefix='/usr'
program_transform_name='s,x,x,'
psdir='${docdir}'
runstatedir='${localstatedir}/run'
sbindir='${exec_prefix}/sbin'
sharedstatedir='${prefix}/com'
sysconfdir='${prefix}/etc'
target_alias=''

## ----------- ##
## confdefs.h. ##
## ----------- ##

/* confdefs.h */
#define PACKAGE_NAME "perftest"
#define PACKAGE_TARNAME "perftest"
#define PACKAGE_VERSION "6.24"
#define PACKAGE_STRING "perftest 6.24"
#define PACKAGE_BUGREPORT "linux-rdma@vger.kernel.org"
#define PACKAGE_URL ""
#define PACKAGE "perftest"
#define VERSION "6.24"
#define HAVE_STDIO_H 1
#define HAVE_STDLIB_H 1
#define HAVE_STRING_H 1
#define HAVE_INTTYPES_H 1
#define HAVE_STDINT_H 1
#define HAVE_STRINGS_H 1
#define HAVE_SYS_STAT_H 1
#define HAVE_SYS_TYPES_H 1
#define HAVE_UNISTD_H 1
#define STDC_HEADERS 1
#define HAVE_DLFCN_H 1
#define LT_OBJDIR ".libs/"
#define HAVE_INFINIBAND_VERBS_H 1
#define HAVE_LIBIBVERBS 1
#define HAVE_LIBRDMACM 1
#define HAVE_REG_DMABUF_MR 1
#define HAVE_RAW_ETH_REG 1
#define HAVE_RAW_ETH 1
#define HAVE_XRCD 1
#define HAVE_ENDIAN 1
#define HAVE_GID_TYPE 1
#define HAVE_IBV_WR_API 1
#define HAVE_MLX5_DEVX 1
#define HAVE_DCS 1
#define HAVE_AES_XTS 1
#define HAVE_GID_TYPE_DECLARED 1
#define HAVE_IPV6 1
#define HAVE_IPV4_EXT 1
#define HAVE_SNIFFER 1
#define HAVE_PCI_PCI_H 1
#define HAVE_RO 1
#define HAVE_EX 1
#define HAVE_EX_ODP 1
#define HAVE_CUDA 1
#define CUDA_PATH "/usr/local/cuda-12.4/include/cuda.h" 
#define HAVE_CUDA_DMABUF 1
#define HAVE_PACKET_PACING 1
#define HAVE_SRD_WITH_RDMA_READ 1
#define HAVE_SRD_WITH_RDMA_WRITE 1
#define HAVE_SRD_WITH_UNSOLICITED_WRITE_RECV 1
#define HAVE_SRD 1
#define HAVE_MLX5DV 1
#define HAVE_CQ_EX 1
#define HAVE_TD_API 1

configure: exit 0
